-------------------------------------------------------------------------------
Test set: com.dev.projetoAPI.ProjetoApiApplicationTests
-------------------------------------------------------------------------------
Tests run: 1, Failures: 0, Errors: 1, Skipped: 0, Time elapsed: 2.644 s <<< FAILURE! - in com.dev.projetoAPI.ProjetoApiApplicationTests
contextLoads  Time elapsed: 0.001 s  <<< ERROR!
java.lang.IllegalStateException: Failed to load ApplicationContext
Caused by: org.springframework.beans.factory.BeanCreationException: Error creating bean with name 'entityManagerFactory' defined in class path resource [org/springframework/boot/autoconfigure/orm/jpa/HibernateJpaConfiguration.class]: Invocation of init method failed; nested exception is org.hibernate.AnnotationException: No identifier specified for entity: com.dev.projetoAPI.resources.DataStream
Caused by: org.hibernate.AnnotationException: No identifier specified for entity: com.dev.projetoAPI.resources.DataStream

